<?xml version="1.0" encoding="UTF-8"?>
<testng-results ignored="0" total="1" passed="1" failed="0" skipped="0">
  <reporter-output>
  </reporter-output>
  <suite started-at="2021-09-23T03:12:00 IST" name="Default suite" finished-at="2021-09-23T03:12:04 IST" duration-ms="3614">
    <groups>
    </groups>
    <test started-at="2021-09-23T03:12:00 IST" name="Default test" finished-at="2021-09-23T03:12:04 IST" duration-ms="3614">
      <class name="testCases.BookFlight">
        <test-method is-config="true" signature="setUp()[pri:0, instance:testCases.BookFlight@548a24a]" started-at="2021-09-23T03:11:57 IST" name="setUp" finished-at="2021-09-23T03:12:00 IST" duration-ms="3454" status="PASS">
          <reporter-output>
          </reporter-output>
        </test-method> <!-- setUp -->
        <test-method signature="bookFlightTicketUsingVisaCard(java.lang.String,java.lang.String,java.lang.String,java.lang.String,java.lang.String,java.lang.String,java.lang.String,java.lang.String,java.lang.String,java.lang.String,java.lang.String,java.lang.String,java.lang.String)[pri:0, instance:testCases.BookFlight@548a24a]" started-at="2021-09-23T03:12:01 IST" name="bookFlightTicketUsingVisaCard" data-provider="getData" finished-at="2021-09-23T03:12:04 IST" duration-ms="3522" status="PASS">
          <params>
            <param index="0">
              <value>
                <![CDATA[Mexico City]]>
              </value>
            </param>
            <param index="1">
              <value>
                <![CDATA[New York]]>
              </value>
            </param>
            <param index="2">
              <value>
                <![CDATA[12]]>
              </value>
            </param>
            <param index="3">
              <value>
                <![CDATA[Hanamanth]]>
              </value>
            </param>
            <param index="4">
              <value>
                <![CDATA[Bangalore]]>
              </value>
            </param>
            <param index="5">
              <value>
                <![CDATA[Bangalore]]>
              </value>
            </param>
            <param index="6">
              <value>
                <![CDATA[Karnataka]]>
              </value>
            </param>
            <param index="7">
              <value>
                <![CDATA[560001]]>
              </value>
            </param>
            <param index="8">
              <value>
                <![CDATA[visa]]>
              </value>
            </param>
            <param index="9">
              <value>
                <![CDATA[12345678910]]>
              </value>
            </param>
            <param index="10">
              <value>
                <![CDATA[11]]>
              </value>
            </param>
            <param index="11">
              <value>
                <![CDATA[2025]]>
              </value>
            </param>
            <param index="12">
              <value>
                <![CDATA[Hanamanth Pujari]]>
              </value>
            </param>
          </params>
          <reporter-output>
          </reporter-output>
        </test-method> <!-- bookFlightTicketUsingVisaCard -->
        <test-method is-config="true" signature="tearDown()[pri:0, instance:testCases.BookFlight@548a24a]" started-at="2021-09-23T03:12:04 IST" name="tearDown" finished-at="2021-09-23T03:12:05 IST" duration-ms="687" status="PASS">
          <reporter-output>
          </reporter-output>
        </test-method> <!-- tearDown -->
      </class> <!-- testCases.BookFlight -->
    </test> <!-- Default test -->
  </suite> <!-- Default suite -->
</testng-results>
