<?xml version="1.0" encoding="UTF-8"?>
<!-- Generated by org.testng.reporters.JUnitXMLReporter -->
<testsuite ignored="2" hostname="DESKTOP-1BLQNNT" failures="0" tests="1" name="FindFlights" time="0.391" errors="0" timestamp="2021-09-22T03:31:42 IST">
  <testcase classname="testCases.BookFlight" name="findFlights" time="0.294"/>
  <testcase classname="base.TestBase" name="@AfterSuite tearDown" time="0.0">
    <ignored/>
  </testcase> <!-- @AfterSuite tearDown -->
  <testcase classname="base.TestBase" name="@BeforeSuite setUp" time="0.0">
    <ignored/>
  </testcase> <!-- @BeforeSuite setUp -->
</testsuite> <!-- FindFlights -->
